# JRE version: OpenJDK Runtime Environment (11.0.12+7) (build 11.0.12+7-b1504.28-7817840)
# Java VM: OpenJDK 64-Bit Server VM (11.0.12+7-b1504.28-7817840, mixed mode, tiered, compressed oops, g1 gc, windows-amd64)
Heap:
 garbage-first heap   total 262144K, used 144479K [0x00000000e0000000, 0x0000000100000000)
  region size 1024K, 63 young (64512K), 8 survivors (8192K)
 Metaspace       used 116322K, capacity 119462K, committed 119764K, reserved 358400K
  class space    used 15131K, capacity 16351K, committed 16460K, reserved 253952K
GC Heap History (20 events):
Event: 3.184 GC heap before
{Heap before GC invocations=4 (full 0):
 garbage-first heap   total 262144K, used 65221K [0x00000000e0000000, 0x0000000100000000)
  region size 1024K, 48 young (49152K), 3 survivors (3072K)
 Metaspace       used 34856K, capacity 35654K, committed 35708K, reserved 286720K
  class space    used 4515K, capacity 4839K, committed 4864K, reserved 253952K
}
Event: 3.192 GC heap after
{Heap after GC invocations=5 (full 0):
 garbage-first heap   total 262144K, used 22495K [0x00000000e0000000, 0x0000000100000000)
  region size 1024K, 6 young (6144K), 6 survivors (6144K)
 Metaspace       used 34856K, capacity 35654K, committed 35708K, reserved 286720K
  class space    used 4515K, capacity 4839K, committed 4864K, reserved 253952K
}
Event: 4.152 GC heap before
{Heap before GC invocations=6 (full 0):
 garbage-first heap   total 262144K, used 138207K [0x00000000e0000000, 0x0000000100000000)
  region size 1024K, 116 young (118784K), 6 survivors (6144K)
 Metaspace       used 44456K, capacity 45428K, committed 45640K, reserved 294912K
  class space    used 5700K, capacity 6057K, committed 6092K, reserved 253952K
}
Event: 4.159 GC heap after
{Heap after GC invocations=7 (full 0):
 garbage-first heap   total 262144K, used 29903K [0x00000000e0000000, 0x0000000100000000)
  region size 1024K, 13 young (13312K), 13 survivors (13312K)
 Metaspace       used 44456K, capacity 45428K, committed 45640K, reserved 294912K
  class space    used 5700K, capacity 6057K, committed 6092K, reserved 253952K
}
Event: 5.819 GC heap before
{Heap before GC invocations=7 (full 0):
 garbage-first heap   total 262144K, used 159951K [0x00000000e0000000, 0x0000000100000000)
  region size 1024K, 136 young (139264K), 13 survivors (13312K)
 Metaspace       used 51704K, capacity 53028K, committed 53064K, reserved 301056K
  class space    used 6614K, capacity 7104K, committed 7116K, reserved 253952K
}
Event: 5.833 GC heap after
{Heap after GC invocations=8 (full 0):
 garbage-first heap   total 262144K, used 44706K [0x00000000e0000000, 0x0000000100000000)
  region size 1024K, 17 young (17408K), 17 survivors (17408K)
 Metaspace       used 51704K, capacity 53028K, committed 53064K, reserved 301056K
  class space    used 6614K, capacity 7104K, committed 7116K, reserved 253952K
}
Event: 6.276 GC heap before
{Heap before GC invocations=8 (full 0):
 garbage-first heap   total 262144K, used 90786K [0x00000000e0000000, 0x0000000100000000)
  region size 1024K, 63 young (64512K), 17 survivors (17408K)
 Metaspace       used 58542K, capacity 59885K, committed 60068K, reserved 307200K
  class space    used 7393K, capacity 7891K, committed 8012K, reserved 253952K
}
Event: 6.288 GC heap after
{Heap after GC invocations=9 (full 0):
 garbage-first heap   total 262144K, used 48763K [0x00000000e0000000, 0x0000000100000000)
  region size 1024K, 4 young (4096K), 4 survivors (4096K)
 Metaspace       used 58542K, capacity 59885K, committed 60068K, reserved 307200K
  class space    used 7393K, capacity 7891K, committed 8012K, reserved 253952K
}
Event: 7.208 GC heap before
{Heap before GC invocations=10 (full 0):
 garbage-first heap   total 262144K, used 149115K [0x00000000e0000000, 0x0000000100000000)
  region size 1024K, 102 young (104448K), 4 survivors (4096K)
 Metaspace       used 66501K, capacity 68123K, committed 68388K, reserved 313344K
  class space    used 8446K, capacity 9047K, committed 9164K, reserved 253952K
}
Event: 7.219 GC heap after
{Heap after GC invocations=11 (full 0):
 garbage-first heap   total 262144K, used 54587K [0x00000000e0000000, 0x0000000100000000)
  region size 1024K, 10 young (10240K), 10 survivors (10240K)
 Metaspace       used 66501K, capacity 68123K, committed 68388K, reserved 313344K
  class space    used 8446K, capacity 9047K, committed 9164K, reserved 253952K
}
Event: 8.223 GC heap before
{Heap before GC invocations=12 (full 0):
 garbage-first heap   total 262144K, used 159035K [0x00000000e0000000, 0x0000000100000000)
  region size 1024K, 112 young (114688K), 10 survivors (10240K)
 Metaspace       used 75450K, capacity 77133K, committed 77476K, reserved 321536K
  class space    used 9798K, capacity 10445K, committed 10572K, reserved 253952K
}
Event: 8.233 GC heap after
{Heap after GC invocations=13 (full 0):
 garbage-first heap   total 262144K, used 61350K [0x00000000e0000000, 0x0000000100000000)
  region size 1024K, 7 young (7168K), 7 survivors (7168K)
 Metaspace       used 75450K, capacity 77133K, committed 77476K, reserved 321536K
  class space    used 9798K, capacity 10445K, committed 10572K, reserved 253952K
}
Event: 9.235 GC heap before
{Heap before GC invocations=13 (full 0):
 garbage-first heap   total 262144K, used 168870K [0x00000000e0000000, 0x0000000100000000)
  region size 1024K, 113 young (115712K), 7 survivors (7168K)
 Metaspace       used 84010K, capacity 86158K, committed 86436K, reserved 329728K
  class space    used 10943K, capacity 11731K, committed 11852K, reserved 253952K
}
Event: 9.251 GC heap after
{Heap after GC invocations=14 (full 0):
 garbage-first heap   total 262144K, used 70176K [0x00000000e0000000, 0x0000000100000000)
  region size 1024K, 15 young (15360K), 15 survivors (15360K)
 Metaspace       used 84010K, capacity 86158K, committed 86436K, reserved 329728K
  class space    used 10943K, capacity 11731K, committed 11852K, reserved 253952K
}
Event: 10.449 GC heap before
{Heap before GC invocations=14 (full 0):
 garbage-first heap   total 262144K, used 177696K [0x00000000e0000000, 0x0000000100000000)
  region size 1024K, 121 young (123904K), 15 survivors (15360K)
 Metaspace       used 90415K, capacity 92594K, committed 92836K, reserved 335872K
  class space    used 11742K, capacity 12588K, committed 12620K, reserved 253952K
}
Event: 10.461 GC heap after
{Heap after GC invocations=15 (full 0):
 garbage-first heap   total 262144K, used 78838K [0x00000000e0000000, 0x0000000100000000)
  region size 1024K, 9 young (9216K), 9 survivors (9216K)
 Metaspace       used 90415K, capacity 92594K, committed 92836K, reserved 335872K
  class space    used 11742K, capacity 12588K, committed 12620K, reserved 253952K
}
Event: 11.865 GC heap before
{Heap before GC invocations=15 (full 0):
 garbage-first heap   total 262144K, used 187382K [0x00000000e0000000, 0x0000000100000000)
  region size 1024K, 114 young (116736K), 9 survivors (9216K)
 Metaspace       used 97728K, capacity 100323K, committed 100516K, reserved 342016K
  class space    used 12627K, capacity 13622K, committed 13644K, reserved 253952K
}
Event: 11.873 GC heap after
{Heap after GC invocations=16 (full 0):
 garbage-first heap   total 262144K, used 84904K [0x00000000e0000000, 0x0000000100000000)
  region size 1024K, 6 young (6144K), 6 survivors (6144K)
 Metaspace       used 97728K, capacity 100323K, committed 100516K, reserved 342016K
  class space    used 12627K, capacity 13622K, committed 13644K, reserved 253952K
}
Event: 12.778 GC heap before
{Heap before GC invocations=16 (full 0):
 garbage-first heap   total 262144K, used 180136K [0x00000000e0000000, 0x0000000100000000)
  region size 1024K, 101 young (103424K), 6 survivors (6144K)
 Metaspace       used 110619K, capacity 113810K, committed 113980K, reserved 352256K
  class space    used 14612K, capacity 15858K, committed 15948K, reserved 253952K
}
Event: 12.784 GC heap after
{Heap after GC invocations=17 (full 0):
 garbage-first heap   total 262144K, used 85087K [0x00000000e0000000, 0x0000000100000000)
  region size 1024K, 8 young (8192K), 8 survivors (8192K)
 Metaspace       used 110619K, capacity 113810K, committed 113980K, reserved 352256K
  class space    used 14612K, capacity 15858K, committed 15948K, reserved 253952K
}

